********************************************************************************
DUPLICATOR-LITE PACKAGE-LOG: 2017-01-22 18:08:09
NOTICE: Do NOT post to public sites or forums 
********************************************************************************
VERSION:	1.1.28
WORDPRESS:	4.7.1
PHP INFO:	7.0.13-0ubuntu0.16.04.1 | SAPI: apache2handler
SERVER:		Apache/2.4.18 (Ubuntu) 
PHP TIME LIMIT: (0) no time limit imposed 
PHP MAX MEMORY: 2048M (128M default) 
MEMORY STACK: 4MB 

********************************************************************************
DATABASE:
********************************************************************************
BUILD MODE:   PHP(query limit - 100)
MYSQLTIMEOUT: 5000
MYSQLDUMP:    Is Supported 
TABLES: total:22 | filtered:0 | create:22 
FILTERED: [] 
SQL CREATED: 20170121_flextime_5884f502bc4421799170122180802_database.sql 
SQL FILE SIZE: 1.15MB (1204307) 
SQL FILE TIME: 2017-01-22 18:08:09 
SQL RUNTIME: 0.06 sec. 

******************************************************************************** 
ARCHIVE (ZIP): 
******************************************************************************** 
ARCHIVE DIR:  /home/jose/Documentos/Sitios/flextime 
ARCHIVE FILE: 20170121_flextime_5884f502bc4421799170122180802_archive.zip 
FILTERS: *ON* 
DIRS: /.git 
EXTS:  not set 
---------------------------------------- 
COMPRESSING 
SIZE:	57.32MB 
STATS:	Dirs 366 | Files 3,347 
SQL ADDED: 20170121_flextime_5884f502bc4421799170122180802_database.sql 
ZipArchive Object
(
    [status] => 0
    [statusSys] => 0
    [numFiles] => 3713
    [filename] => /home/jose/Documentos/Sitios/flextime/wp-snapshots/tmp/20170121_flextime_5884f502bc4421799170122180802_archive.zip
    [comment] => 
)
 
COMPRESSION RESULT: '1' 
COMPRESSED SIZE: 33.04MB 
ARCHIVE RUNTIME: 4.41 sec. 
MEMORY STACK: 6MB 

******************************************************************************** 
MAKE INSTALLER: 
******************************************************************************** 
Build Start 
Build Finished 
Preping for use 
Template parsed with new data 
Complete [/home/jose/Documentos/Sitios/flextime/wp-snapshots/tmp/20170121_flextime_5884f502bc4421799170122180802_installer.php] 
Added to archive 

******************************************************************************** 
INTEGRITY CHECKS: 
******************************************************************************** 
SQL File: 1.15MB 
Installer File: 352.39KB 
Archive File: 33.04MB  

********************************************************************************
RECORD ID:[4]
TOTAL PROCESS RUNTIME: 4.69 sec.
PEAK PHP MEMORY USED: 6MB
DONE PROCESSING => 20170121_flextime 2017-01-22 18:08:14
 
