********************************************************************************
DUPLICATOR-LITE PACKAGE-LOG: 2017-01-21 18:47:30
NOTICE: Do NOT post to public sites or forums 
********************************************************************************
VERSION:	1.1.28
WORDPRESS:	4.7.1
PHP INFO:	7.0.13-0ubuntu0.16.04.1 | SAPI: apache2handler
SERVER:		Apache/2.4.18 (Ubuntu) 
PHP TIME LIMIT: (0) no time limit imposed 
PHP MAX MEMORY: 2048M (128M default) 
MEMORY STACK: 4MB 

********************************************************************************
DATABASE:
********************************************************************************
BUILD MODE:   PHP(query limit - 100)
MYSQLTIMEOUT: 5000
MYSQLDUMP:    Is Supported 
TABLES: total:23 | filtered:0 | create:23 
FILTERED: [] 
SQL CREATED: 20170121_flextime_5883ac845e4481516170121184628_database.sql 
SQL FILE SIZE: 1.02MB (1068383) 
SQL FILE TIME: 2017-01-21 18:47:30 
SQL RUNTIME: 0.05 sec. 

******************************************************************************** 
ARCHIVE (ZIP): 
******************************************************************************** 
ARCHIVE DIR:  /home/jose/Documentos/Sitios/flextime 
ARCHIVE FILE: 20170121_flextime_5883ac845e4481516170121184628_archive.zip 
FILTERS: *OFF* 
DIRS: not set 
EXTS:  not set 
---------------------------------------- 
COMPRESSING 
SIZE:	93.69MB 
STATS:	Dirs 510 | Files 5,893 
SQL ADDED: 20170121_flextime_5883ac845e4481516170121184628_database.sql 
ZipArchive Object
(
    [status] => 0
    [statusSys] => 0
    [numFiles] => 6403
    [filename] => /home/jose/Documentos/Sitios/flextime/wp-snapshots/tmp/20170121_flextime_5883ac845e4481516170121184628_archive.zip
    [comment] => 
)
 
COMPRESSION RESULT: '1' 
COMPRESSED SIZE: 72.06MB 
ARCHIVE RUNTIME: 7.64 sec. 
MEMORY STACK: 6MB 

******************************************************************************** 
MAKE INSTALLER: 
******************************************************************************** 
Build Start 
Build Finished 
Preping for use 
Template parsed with new data 
Complete [/home/jose/Documentos/Sitios/flextime/wp-snapshots/tmp/20170121_flextime_5883ac845e4481516170121184628_installer.php] 
Added to archive 

******************************************************************************** 
INTEGRITY CHECKS: 
******************************************************************************** 
SQL File: 1.02MB 
Installer File: 352.39KB 
Archive File: 72.06MB  

********************************************************************************
RECORD ID:[1]
TOTAL PROCESS RUNTIME: 8.07 sec.
PEAK PHP MEMORY USED: 6MB
DONE PROCESSING => 20170121_flextime 2017-01-21 18:47:38
 
