********************************************************************************
DUPLICATOR-LITE PACKAGE-LOG: 2017-01-22 17:49:57
NOTICE: Do NOT post to public sites or forums 
********************************************************************************
VERSION:	1.1.28
WORDPRESS:	4.7.1
PHP INFO:	7.0.13-0ubuntu0.16.04.1 | SAPI: apache2handler
SERVER:		Apache/2.4.18 (Ubuntu) 
PHP TIME LIMIT: (0) no time limit imposed 
PHP MAX MEMORY: 2048M (128M default) 
MEMORY STACK: 6MB 

********************************************************************************
DATABASE:
********************************************************************************
BUILD MODE:   PHP(query limit - 100)
MYSQLTIMEOUT: 5000
MYSQLDUMP:    Is Supported 
TABLES: total:22 | filtered:0 | create:22 
FILTERED: [] 
SQL CREATED: 20170121_flextime_5884f09a2d5b33736170122174914_database.sql 
SQL FILE SIZE: 1.14MB (1198311) 
SQL FILE TIME: 2017-01-22 17:49:57 
SQL RUNTIME: 0.05 sec. 

******************************************************************************** 
ARCHIVE (ZIP): 
******************************************************************************** 
ARCHIVE DIR:  /home/jose/Documentos/Sitios/flextime 
ARCHIVE FILE: 20170121_flextime_5884f09a2d5b33736170122174914_archive.zip 
FILTERS: *OFF* 
DIRS: not set 
EXTS:  not set 
---------------------------------------- 
COMPRESSING 
SIZE:	97.28MB 
STATS:	Dirs 638 | Files 6,805 
SQL ADDED: 20170121_flextime_5884f09a2d5b33736170122174914_database.sql 
ZipArchive Object
(
    [status] => 0
    [statusSys] => 0
    [numFiles] => 7443
    [filename] => /home/jose/Documentos/Sitios/flextime/wp-snapshots/tmp/20170121_flextime_5884f09a2d5b33736170122174914_archive.zip
    [comment] => 
)
 
COMPRESSION RESULT: '1' 
COMPRESSED SIZE: 73.63MB 
ARCHIVE RUNTIME: 8.81 sec. 
MEMORY STACK: 8MB 

******************************************************************************** 
MAKE INSTALLER: 
******************************************************************************** 
Build Start 
Build Finished 
Preping for use 
Template parsed with new data 
Complete [/home/jose/Documentos/Sitios/flextime/wp-snapshots/tmp/20170121_flextime_5884f09a2d5b33736170122174914_installer.php] 
Added to archive 

******************************************************************************** 
INTEGRITY CHECKS: 
******************************************************************************** 
SQL File: 1.14MB 
Installer File: 352.39KB 
Archive File: 73.63MB  

********************************************************************************
RECORD ID:[2]
TOTAL PROCESS RUNTIME: 9.24 sec.
PEAK PHP MEMORY USED: 8MB
DONE PROCESSING => 20170121_flextime 2017-01-22 17:50:06
 
